2023-09-04T11:40:57+00:00 CRITICAL Uncaught TypeError: date(): Argument #2 ($timestamp) must be of type ?int, string given in /var/www/html/purevoicefight/wp-content/plugins/samadhan-wpml-course-report/includes/admin_group_report.php:336
Stack trace:
#0 /var/www/html/purevoicefight/wp-content/plugins/samadhan-wpml-course-report/includes/admin_group_report.php(336): date()
#1 /var/www/html/purevoicefight/wp-includes/shortcodes.php(395): Samadhan\admin_group_members::membership_report()
#2 [internal function]: do_shortcode_tag()
#3 /var/www/html/purevoicefight/wp-includes/shortcodes.php(235): preg_replace_callback()
#4 /var/www/html/purevoicefight/wp-includes/class-wp-hook.php(310): do_shortcode()
#5 /var/www/html/purevoicefight/wp-includes/plugin.php(205): WP_Hook->apply_filters()
#6 /var/www/html/purevoicefight/wp-includes/post-template.php(256): apply_filters()
#7 /var/www/html/purevoicefight/wp-content/themes/university/page.php(25): the_content()
#8 /var/www/html/purevoicefight/wp-includes/template-loader.php(106): include('...')
#9 /var/www/html/purevoicefight/wp-blog-header.php(19): require_once('...')
#10 /var/www/html/purevoicefight/index.php(17): require('...')
#11 {main}
  thrown in /var/www/html/purevoicefight/wp-content/plugins/samadhan-wpml-course-report/includes/admin_group_report.php on line 336

2023-09-04T11:42:55+00:00 CRITICAL Uncaught TypeError: date(): Argument #2 ($timestamp) must be of type ?int, string given in /var/www/html/purevoicefight/wp-content/plugins/samadhan-wpml-course-report/includes/admin_group_report.php:338
Stack trace:
#0 /var/www/html/purevoicefight/wp-content/plugins/samadhan-wpml-course-report/includes/admin_group_report.php(338): date()
#1 /var/www/html/purevoicefight/wp-includes/shortcodes.php(395): Samadhan\admin_group_members::membership_report()
#2 [internal function]: do_shortcode_tag()
#3 /var/www/html/purevoicefight/wp-includes/shortcodes.php(235): preg_replace_callback()
#4 /var/www/html/purevoicefight/wp-includes/class-wp-hook.php(310): do_shortcode()
#5 /var/www/html/purevoicefight/wp-includes/plugin.php(205): WP_Hook->apply_filters()
#6 /var/www/html/purevoicefight/wp-includes/post-template.php(256): apply_filters()
#7 /var/www/html/purevoicefight/wp-content/themes/university/page.php(25): the_content()
#8 /var/www/html/purevoicefight/wp-includes/template-loader.php(106): include('...')
#9 /var/www/html/purevoicefight/wp-blog-header.php(19): require_once('...')
#10 /var/www/html/purevoicefight/index.php(17): require('...')
#11 {main}
  thrown in /var/www/html/purevoicefight/wp-content/plugins/samadhan-wpml-course-report/includes/admin_group_report.php on line 338

2023-09-04T11:45:48+00:00 CRITICAL Uncaught TypeError: date(): Argument #2 ($timestamp) must be of type ?int, string given in /var/www/html/purevoicefight/wp-content/plugins/samadhan-wpml-course-report/includes/admin_group_report.php:336
Stack trace:
#0 /var/www/html/purevoicefight/wp-content/plugins/samadhan-wpml-course-report/includes/admin_group_report.php(336): date()
#1 /var/www/html/purevoicefight/wp-includes/shortcodes.php(395): Samadhan\admin_group_members::membership_report()
#2 [internal function]: do_shortcode_tag()
#3 /var/www/html/purevoicefight/wp-includes/shortcodes.php(235): preg_replace_callback()
#4 /var/www/html/purevoicefight/wp-includes/class-wp-hook.php(310): do_shortcode()
#5 /var/www/html/purevoicefight/wp-includes/plugin.php(205): WP_Hook->apply_filters()
#6 /var/www/html/purevoicefight/wp-includes/post-template.php(256): apply_filters()
#7 /var/www/html/purevoicefight/wp-content/themes/university/page.php(25): the_content()
#8 /var/www/html/purevoicefight/wp-includes/template-loader.php(106): include('...')
#9 /var/www/html/purevoicefight/wp-blog-header.php(19): require_once('...')
#10 /var/www/html/purevoicefight/index.php(17): require('...')
#11 {main}
  thrown in /var/www/html/purevoicefight/wp-content/plugins/samadhan-wpml-course-report/includes/admin_group_report.php on line 336

2023-09-04T11:46:48+00:00 CRITICAL Uncaught TypeError: date(): Argument #2 ($timestamp) must be of type ?int, string given in /var/www/html/purevoicefight/wp-content/plugins/samadhan-wpml-course-report/includes/admin_group_report.php:336
Stack trace:
#0 /var/www/html/purevoicefight/wp-content/plugins/samadhan-wpml-course-report/includes/admin_group_report.php(336): date()
#1 /var/www/html/purevoicefight/wp-includes/shortcodes.php(395): Samadhan\admin_group_members::membership_report()
#2 [internal function]: do_shortcode_tag()
#3 /var/www/html/purevoicefight/wp-includes/shortcodes.php(235): preg_replace_callback()
#4 /var/www/html/purevoicefight/wp-includes/class-wp-hook.php(310): do_shortcode()
#5 /var/www/html/purevoicefight/wp-includes/plugin.php(205): WP_Hook->apply_filters()
#6 /var/www/html/purevoicefight/wp-includes/post-template.php(256): apply_filters()
#7 /var/www/html/purevoicefight/wp-content/themes/university/page.php(25): the_content()
#8 /var/www/html/purevoicefight/wp-includes/template-loader.php(106): include('...')
#9 /var/www/html/purevoicefight/wp-blog-header.php(19): require_once('...')
#10 /var/www/html/purevoicefight/index.php(17): require('...')
#11 {main}
  thrown in /var/www/html/purevoicefight/wp-content/plugins/samadhan-wpml-course-report/includes/admin_group_report.php on line 336

2023-09-04T11:48:32+00:00 CRITICAL Uncaught TypeError: date(): Argument #2 ($timestamp) must be of type ?int, string given in /var/www/html/purevoicefight/wp-content/plugins/samadhan-wpml-course-report/includes/admin_group_report.php:337
Stack trace:
#0 /var/www/html/purevoicefight/wp-content/plugins/samadhan-wpml-course-report/includes/admin_group_report.php(337): date()
#1 /var/www/html/purevoicefight/wp-includes/shortcodes.php(395): Samadhan\admin_group_members::membership_report()
#2 [internal function]: do_shortcode_tag()
#3 /var/www/html/purevoicefight/wp-includes/shortcodes.php(235): preg_replace_callback()
#4 /var/www/html/purevoicefight/wp-includes/class-wp-hook.php(310): do_shortcode()
#5 /var/www/html/purevoicefight/wp-includes/plugin.php(205): WP_Hook->apply_filters()
#6 /var/www/html/purevoicefight/wp-includes/post-template.php(256): apply_filters()
#7 /var/www/html/purevoicefight/wp-content/themes/university/page.php(25): the_content()
#8 /var/www/html/purevoicefight/wp-includes/template-loader.php(106): include('...')
#9 /var/www/html/purevoicefight/wp-blog-header.php(19): require_once('...')
#10 /var/www/html/purevoicefight/index.php(17): require('...')
#11 {main}
  thrown in /var/www/html/purevoicefight/wp-content/plugins/samadhan-wpml-course-report/includes/admin_group_report.php on line 337

2023-09-04T11:49:24+00:00 CRITICAL Uncaught TypeError: date(): Argument #2 ($timestamp) must be of type ?int, string given in /var/www/html/purevoicefight/wp-content/plugins/samadhan-wpml-course-report/includes/admin_group_report.php:337
Stack trace:
#0 /var/www/html/purevoicefight/wp-content/plugins/samadhan-wpml-course-report/includes/admin_group_report.php(337): date()
#1 /var/www/html/purevoicefight/wp-includes/shortcodes.php(395): Samadhan\admin_group_members::membership_report()
#2 [internal function]: do_shortcode_tag()
#3 /var/www/html/purevoicefight/wp-includes/shortcodes.php(235): preg_replace_callback()
#4 /var/www/html/purevoicefight/wp-includes/class-wp-hook.php(310): do_shortcode()
#5 /var/www/html/purevoicefight/wp-includes/plugin.php(205): WP_Hook->apply_filters()
#6 /var/www/html/purevoicefight/wp-includes/post-template.php(256): apply_filters()
#7 /var/www/html/purevoicefight/wp-content/themes/university/page.php(25): the_content()
#8 /var/www/html/purevoicefight/wp-includes/template-loader.php(106): include('...')
#9 /var/www/html/purevoicefight/wp-blog-header.php(19): require_once('...')
#10 /var/www/html/purevoicefight/index.php(17): require('...')
#11 {main}
  thrown in /var/www/html/purevoicefight/wp-content/plugins/samadhan-wpml-course-report/includes/admin_group_report.php on line 337

2023-09-04T12:00:07+00:00 CRITICAL Uncaught TypeError: date(): Argument #2 ($timestamp) must be of type ?int, string given in /var/www/html/purevoicefight/wp-content/plugins/samadhan-wpml-course-report/includes/admin_group_report.php:336
Stack trace:
#0 /var/www/html/purevoicefight/wp-content/plugins/samadhan-wpml-course-report/includes/admin_group_report.php(336): date()
#1 /var/www/html/purevoicefight/wp-includes/shortcodes.php(395): Samadhan\admin_group_members::membership_report()
#2 [internal function]: do_shortcode_tag()
#3 /var/www/html/purevoicefight/wp-includes/shortcodes.php(235): preg_replace_callback()
#4 /var/www/html/purevoicefight/wp-includes/class-wp-hook.php(310): do_shortcode()
#5 /var/www/html/purevoicefight/wp-includes/plugin.php(205): WP_Hook->apply_filters()
#6 /var/www/html/purevoicefight/wp-includes/post-template.php(256): apply_filters()
#7 /var/www/html/purevoicefight/wp-content/themes/university/page.php(25): the_content()
#8 /var/www/html/purevoicefight/wp-includes/template-loader.php(106): include('...')
#9 /var/www/html/purevoicefight/wp-blog-header.php(19): require_once('...')
#10 /var/www/html/purevoicefight/index.php(17): require('...')
#11 {main}
  thrown in /var/www/html/purevoicefight/wp-content/plugins/samadhan-wpml-course-report/includes/admin_group_report.php on line 336

