
Deleted customizer Settings {"theme-auto-version":"4.1.5","is_theme_queue_running":false}
Deleted - Site Options []
Deleted customizer Settings {"theme-auto-version":"4.1.5","is_theme_queue_running":false}
Deleted - Site Options []
Inserted WP Form 16
Inserted WP Form 18
Deleted customizer Settings {"theme-auto-version":"4.1.5","is_theme_queue_running":false}
Deleted - Site Options []
Deleted - Form ID 16 - wpforms - Subscribe Form
Deleted - Form ID 18 - wpforms - Contact Form
Inserted WP Form 20
Deleted customizer Settings {"theme-auto-version":"4.1.5","is_theme_queue_running":false}
Deleted - Site Options []
Deleted - Form ID 20 - wpforms - Contact Form
Inserted WP Form 22
Deleted customizer Settings {"theme-auto-version":"4.1.5","is_theme_queue_running":false}
Deleted - Site Options []
Deleted - Form ID 22 - wpforms - Contact Form
Inserted WP Form 24
Deleted customizer Settings {"theme-auto-version":"4.1.5","is_theme_queue_running":false}
Deleted - Site Options []
Deleted - Form ID 24 - wpforms - Contact Form
Inserted WP Form 26
Inserted WP Form 28
Deleted customizer Settings {"theme-auto-version":"4.1.5","is_theme_queue_running":false}
Deleted - Site Options []
Deleted - Form ID 26 - wpforms - Subscribe Form
Deleted - Form ID 28 - wpforms - Contact Form
Inserted WP Form 30
Deleted customizer Settings {"theme-auto-version":"4.1.5","is_theme_queue_running":false}
Deleted - Site Options []
Deleted - Form ID 30 - wpforms - Contact Form
Inserted WP Form 33
Deleted customizer Settings {"theme-auto-version":"4.1.6","is_theme_queue_running":false,"list-block-vertical-spacing":false}
Deleted - Site Options []
Deleted - Form ID 33 - wpforms - Contact Form
Inserted WP Form 1373
Inserted WP Form 1375